<?xml version="1.0" encoding="UTF-8" ?>
<testsuite errors="0" failures="0" hostname="localhost.gateway.2wire.net" name="Model.ItemTest" skipped="0" tests="6" time="1.953" timestamp="2014-07-05T20:03:31">
  <properties>
[...]
</properties>
  <testcase classname="Model.ItemTest" name="testGetDescription" time="1.192" />
  <testcase classname="Model.ItemTest" name="testSetDescription" time="0.017" />
  <testcase classname="Model.ItemTest" name="testSetImage" time="0.314" />
  <testcase classname="Model.ItemTest" name="testGetImage" time="0.008" />
  <testcase classname="Model.ItemTest" name="testConfiguration" time="0.009" />
  <testcase classname="Model.ItemTest" name="testGetId" time="0.008" />
  <system-out><![CDATA[[EL Info]: 2014-07-05 14:03:32.263--ServerSession(829414769)--EclipseLink, version: Eclipse Persistence Services - 2.5.1.v20130918-f2b9fc5
[EL Info]: connection: 2014-07-05 14:03:32.412--ServerSession(829414769)--file:/home/hesparza/devenv/java/labs/student/projects/AuctionApp/build/classes/_AuctionAppPU login successful
getDescription
setDescription
setImage
getImage
testConfiguration
getId
]]></system-out>
  <system-err><![CDATA[]]></system-err>
</testsuite>
